<?xml version="1.0" encoding="UTF-8"?>
<!-- Generated by org.testng.reporters.JUnitReportReporter -->
<testsuite hostname="DESKTOP-M92ABDR" failures="0" tests="1" name="testCases.TC_002_LoginTest" time="2.178" errors="0" timestamp="2023-12-05T11:50:37 IST" skipped="0">
  <testcase classname="testCases.TC_002_LoginTest" name="verify_Login" time="2.178"/>
</testsuite> <!-- testCases.TC_002_LoginTest -->
