<?xml version="1.0" encoding="UTF-8"?>
<!-- Generated by org.testng.reporters.JUnitReportReporter -->
<testsuite hostname="DESKTOP-M92ABDR" failures="0" tests="5" name="testCases.TC_003_LoginDDT" time="37.111" errors="0" timestamp="2023-12-01T19:23:43 IST" skipped="0">
  <testcase classname="testCases.TC_003_LoginDDT" name="verify_LoginDDT" time="11.098"/>
  <testcase classname="testCases.TC_003_LoginDDT" name="verify_LoginDDT" time="10.996"/>
  <testcase classname="testCases.TC_003_LoginDDT" name="verify_LoginDDT" time="1.504"/>
  <testcase classname="testCases.TC_003_LoginDDT" name="verify_LoginDDT" time="2.328"/>
  <testcase classname="testCases.TC_003_LoginDDT" name="verify_LoginDDT" time="11.185"/>
</testsuite> <!-- testCases.TC_003_LoginDDT -->
